2012-05-01 09:00:53 Debug: Notice (8): Undefined variable: html in [APP\controllers\components\menu.php, line 20]
2012-05-01 09:12:05 Debug: Notice (8): Undefined variable: html in [APP\controllers\components\menu.php, line 22]
2012-05-01 09:14:27 Debug: Notice (8): Undefined variable: html in [APP\controllers\components\menu.php, line 22]
2012-05-01 11:19:39 Debug: Notice (8): Undefined index: Home in [APP\views\layouts\default.ctp, line 35]
2012-05-01 15:07:17 Debug: Notice (8): Undefined index: Home in [APP\views\layouts\default.ctp, line 37]
2012-05-01 16:33:36 Debug: Notice (8): Undefined property: View::$Menu in [APP\views\layouts\default.ctp, line 69]
2012-05-01 16:36:34 Debug: Notice (8): Undefined property: View::$Menu in [APP\views\layouts\default.ctp, line 69]
2012-05-01 16:38:19 Debug: Notice (8): Undefined property: View::$Menu in [APP\views\awo_usuarios\index.ctp, line 1]
2012-05-01 16:39:48 Debug: Notice (8): Undefined property: View::$Menu in [APP\views\layouts\default.ctp, line 69]
2012-05-01 16:40:53 Debug: Notice (8): Undefined property: View::$Menu in [APP\views\awo_usuarios\index.ctp, line 1]
2012-05-01 16:40:53 Debug: Notice (8): Undefined property: View::$Menu in [APP\views\layouts\default.ctp, line 69]
2012-05-01 20:06:58 Debug: Notice (8): A non well formed numeric value encountered in [APP\views\awo_usuarios\index.ctp, line 81]
2012-05-01 22:04:52 Debug: Notice (8): Undefined index: Missing Controller in [APP\views\layouts\default.ctp, line 43]
2012-05-06 17:02:18 Debug: Notice (8): Undefined index: Missing Controller in [APP\views\layouts\default.ctp, line 43]
2012-05-06 17:02:18 Debug: Notice (8): Undefined index: Missing Controller in [APP\views\layouts\default.ctp, line 43]
2012-05-06 17:02:18 Debug: Notice (8): Undefined index: Missing Controller in [APP\views\layouts\default.ctp, line 43]
2012-05-06 17:02:18 Debug: Notice (8): Undefined index: Missing Controller in [APP\views\layouts\default.ctp, line 43]
2012-05-06 17:04:14 Debug: Notice (8): Undefined index: Missing Controller in [APP\views\layouts\default.ctp, line 43]
2012-05-06 17:04:14 Debug: Notice (8): Undefined index: Missing Controller in [APP\views\layouts\default.ctp, line 43]
2012-05-06 17:04:14 Debug: Notice (8): Undefined index: Missing Controller in [APP\views\layouts\default.ctp, line 43]
2012-05-06 17:04:14 Debug: Notice (8): Undefined index: Missing Controller in [APP\views\layouts\default.ctp, line 43]
2012-05-06 17:05:43 Debug: Notice (8): Undefined index: Missing Controller in [APP\views\layouts\default.ctp, line 43]
2012-05-06 17:05:43 Debug: Notice (8): Undefined index: Missing Controller in [APP\views\layouts\default.ctp, line 43]
2012-05-06 17:05:43 Debug: Notice (8): Undefined index: Missing Controller in [APP\views\layouts\default.ctp, line 43]
2012-05-06 17:05:43 Debug: Notice (8): Undefined index: Missing Controller in [APP\views\layouts\default.ctp, line 43]
2012-05-06 17:05:44 Debug: Notice (8): Undefined index: Missing Controller in [APP\views\layouts\default.ctp, line 43]
2012-05-06 17:05:44 Debug: Notice (8): Undefined index: Missing Controller in [APP\views\layouts\default.ctp, line 43]
2012-05-06 17:05:45 Debug: Notice (8): Undefined index: Missing Controller in [APP\views\layouts\default.ctp, line 43]
2012-05-06 17:05:45 Debug: Notice (8): Undefined index: Missing Controller in [APP\views\layouts\default.ctp, line 43]
2012-05-06 17:05:46 Debug: Notice (8): Undefined index: Missing Controller in [APP\views\layouts\default.ctp, line 43]
2012-05-06 17:05:46 Debug: Notice (8): Undefined index: Missing Controller in [APP\views\layouts\default.ctp, line 43]
2012-05-06 17:05:46 Debug: Notice (8): Undefined index: Missing Controller in [APP\views\layouts\default.ctp, line 43]
2012-05-06 17:05:46 Debug: Notice (8): Undefined index: Missing Controller in [APP\views\layouts\default.ctp, line 43]
2012-05-06 17:05:46 Debug: Notice (8): Undefined index: Missing Controller in [APP\views\layouts\default.ctp, line 43]
2012-05-06 17:05:46 Debug: Notice (8): Undefined index: Missing Controller in [APP\views\layouts\default.ctp, line 43]
2012-05-06 17:05:46 Debug: Notice (8): Undefined index: Missing Controller in [APP\views\layouts\default.ctp, line 43]
2012-05-06 17:05:46 Debug: Notice (8): Undefined index: Missing Controller in [APP\views\layouts\default.ctp, line 43]
2012-05-06 17:07:12 Debug: Notice (8): Undefined index: Missing Controller in [APP\views\layouts\default.ctp, line 43]
2012-05-06 18:35:23 Debug: Notice (8): Undefined index: Missing View in [APP\views\layouts\default.ctp, line 43]
2012-05-06 18:35:32 Debug: Notice (8): Undefined index: Missing View in [APP\views\layouts\default.ctp, line 43]
2012-05-06 18:35:34 Debug: Notice (8): Undefined index: Missing View in [APP\views\layouts\default.ctp, line 43]
2012-05-06 18:35:36 Debug: Notice (8): Undefined index: Missing View in [APP\views\layouts\default.ctp, line 43]
2012-05-06 18:35:38 Debug: Notice (8): Undefined index: Missing View in [APP\views\layouts\default.ctp, line 43]
2012-05-06 18:35:39 Debug: Notice (8): Undefined index: Missing View in [APP\views\layouts\default.ctp, line 43]
2012-05-06 18:35:44 Debug: Notice (8): Undefined index: Missing View in [APP\views\layouts\default.ctp, line 43]
2012-05-06 18:36:36 Debug: Notice (8): Undefined index: Missing View in [APP\views\layouts\default.ctp, line 43]
2012-05-06 18:36:38 Debug: Notice (8): Undefined index: Home in [APP\views\layouts\default.ctp, line 43]
2012-05-06 18:36:39 Debug: Notice (8): Undefined index: Missing View in [APP\views\layouts\default.ctp, line 43]
2012-05-06 19:02:05 Debug: Notice (8): Undefined index: Home in [APP\views\layouts\default.ctp, line 43]
2012-05-06 19:02:05 Debug: Notice (8): Undefined index: Missing View in [APP\views\layouts\default.ctp, line 43]
2012-05-06 19:02:41 Debug: Notice (8): Undefined index: Home in [APP\views\layouts\default.ctp, line 43]
2012-05-06 19:02:41 Debug: Notice (8): Undefined index: Missing View in [APP\views\layouts\default.ctp, line 43]
2012-05-06 22:35:10 Debug: Notice (8): Undefined index: Missing Controller in [APP\views\layouts\default.ctp, line 43]
2012-05-06 23:03:39 Debug: Notice (8): Undefined index: Home in [APP\views\layouts\default.ctp, line 43]
2012-05-06 23:03:40 Debug: Notice (8): Undefined index: Missing View in [APP\views\layouts\default.ctp, line 43]
2012-05-07 22:20:22 Debug: Notice (8): Undefined index: Missing Controller in [APP\views\layouts\default.ctp, line 43]
2012-05-07 22:30:37 Debug: Notice (8): Undefined variable: awoNoticia in [APP\views\awo_noticias\index.ctp, line 15]
2012-05-08 20:24:12 Debug: Notice (8): Undefined index: Missing Method in Controller in [APP\views\layouts\default.ctp, line 43]
2012-05-08 20:24:48 Debug: Notice (8): Undefined index: Missing Method in Controller in [APP\views\layouts\default.ctp, line 43]
2012-05-08 20:25:21 Debug: Notice (8): Undefined index: Home in [APP\views\layouts\default.ctp, line 43]
2012-05-08 20:25:22 Debug: Notice (8): Undefined index: Missing View in [APP\views\layouts\default.ctp, line 43]
2012-05-08 20:25:25 Debug: Notice (8): Undefined index: Missing View in [APP\views\layouts\default.ctp, line 43]
2012-05-08 20:25:32 Debug: Notice (8): Undefined index: Missing Method in Controller in [APP\views\layouts\default.ctp, line 43]
2012-05-08 20:49:25 Debug: Notice (8): Undefined index: Home in [APP\views\layouts\default.ctp, line 43]
2012-05-08 20:49:26 Debug: Notice (8): Undefined index: Missing View in [APP\views\layouts\default.ctp, line 43]
2012-05-08 21:14:36 Debug: Notice (8): Undefined index: Missing View in [APP\views\layouts\default.ctp, line 43]
2012-05-08 22:20:13 Debug: Notice (8): Undefined index: Home in [APP\views\layouts\default.ctp, line 43]
2012-05-08 22:20:13 Debug: Notice (8): Undefined index: Missing View in [APP\views\layouts\default.ctp, line 43]
2012-05-08 22:20:46 Debug: Notice (8): Undefined index: Home in [APP\views\layouts\default.ctp, line 43]
2012-05-08 22:20:46 Debug: Notice (8): Undefined index: Missing View in [APP\views\layouts\default.ctp, line 43]
2012-05-08 22:20:49 Debug: Notice (8): Undefined index: Missing Method in Controller in [APP\views\layouts\default.ctp, line 43]
2012-05-08 22:23:44 Debug: Notice (8): Undefined variable: paginator in [APP\views\awo_configs\index.ctp, line 5]
2012-05-08 22:26:01 Debug: Notice (8): Undefined variable: awoConfigs in [APP\views\awo_configs\index.ctp, line 33]
2012-05-08 22:26:01 Debug: Notice (8): Undefined index: Awo Configs in [APP\views\layouts\default.ctp, line 43]
2012-05-08 22:28:27 Debug: Notice (8): Undefined index: Missing Method in Controller in [APP\views\layouts\default.ctp, line 43]
2012-05-10 19:42:02 Debug: Notice (8): Undefined variable: awoConfigs in [APP\views\awo_configs\index.ctp, line 33]
2012-05-10 19:42:02 Debug: Notice (8): Undefined index: Awo Configs in [APP\views\layouts\default.ctp, line 43]
2012-05-10 19:42:08 Debug: Notice (8): Undefined index: Missing Method in Controller in [APP\views\layouts\default.ctp, line 43]
2012-05-10 19:42:16 Debug: Notice (8): Undefined variable: awoConfigs in [APP\views\awo_configs\index.ctp, line 33]
2012-05-10 19:42:16 Debug: Notice (8): Undefined index: Awo Configs in [APP\views\layouts\default.ctp, line 43]
2012-05-10 19:43:21 Debug: Notice (8): Undefined index: Home in [APP\views\layouts\default.ctp, line 43]
2012-05-10 19:43:21 Debug: Notice (8): Undefined index: Missing View in [APP\views\layouts\default.ctp, line 43]
2012-05-10 19:56:56 Debug: Notice (8): Undefined index: Home in [APP\views\layouts\default.ctp, line 43]
2012-05-10 19:56:56 Debug: Notice (8): Undefined index: Missing View in [APP\views\layouts\default.ctp, line 43]
2012-05-10 20:06:39 Debug: Notice (8): Undefined index: Home in [APP\views\layouts\default.ctp, line 45]
2012-05-10 20:06:40 Debug: Notice (8): Undefined index: Missing View in [APP\views\layouts\default.ctp, line 45]
2012-05-10 20:07:02 Debug: Notice (8): Undefined index: Missing View in [APP\views\layouts\default.ctp, line 45]
2012-05-10 20:09:30 Debug: Notice (8): Undefined index: Missing View in [APP\views\layouts\default.ctp, line 43]
2012-05-10 20:09:43 Debug: Notice (8): Undefined variable: awoConfigs in [APP\views\awo_configs\index.ctp, line 33]
2012-05-10 20:09:43 Debug: Notice (8): Undefined index: Awo Configs in [APP\views\layouts\default.ctp, line 43]
2012-05-10 20:10:30 Debug: Notice (8): Undefined variable: awoConfigs in [APP\views\awo_configs\index.ctp, line 33]
2012-05-10 20:10:58 Debug: Notice (8): Undefined index: Missing View in [APP\views\layouts\default.ctp, line 43]
2012-05-10 20:11:10 Debug: Notice (8): Undefined index: Missing View in [APP\views\layouts\default.ctp, line 43]
2012-05-10 20:18:11 Debug: Notice (8): Undefined index: Missing View in [APP\views\layouts\default.ctp, line 43]
2012-05-10 20:18:39 Debug: Notice (8): Undefined index: Missing View in [APP\views\layouts\default.ctp, line 43]
2012-05-10 20:21:35 Debug: Notice (8): Undefined index: Missing View in [APP\views\layouts\default.ctp, line 43]
2012-05-10 20:21:59 Debug: Notice (8): Undefined index: Missing View in [APP\views\layouts\default.ctp, line 43]
2012-05-10 20:44:40 Debug: Notice (8): Undefined variable: awoConfigs in [APP\views\awo_configs\index.ctp, line 33]
2012-05-12 15:58:39 Debug: Notice (8): Undefined variable: awoConfigs in [APP\views\awo_configs\index.ctp, line 33]
2012-05-12 16:55:13 Debug: Notice (8): Undefined index: Missing Method in Controller in [APP\views\layouts\default.ctp, line 43]
2012-05-12 17:05:57 Debug: Notice (8): Undefined variable: awoConfigs in [APP\views\awo_configs\index.ctp, line 33]
2012-05-12 17:06:52 Debug: Notice (8): Undefined variable: awoConfigs in [APP\views\awo_configs\index.ctp, line 33]
2012-05-12 17:07:46 Debug: Notice (8): Undefined variable: awoConfigs in [APP\views\awo_configs\index.ctp, line 33]
2012-05-13 09:59:35 Debug: Notice (8): Undefined index: tipoArch1 in [APP\controllers\awo_configs_controller.php, line 23]
2012-05-13 09:59:35 Debug: Notice (8): Undefined index: tipoArch2 in [APP\controllers\awo_configs_controller.php, line 30]
2012-05-13 09:59:35 Debug: Notice (8): Undefined index: tipoArch3 in [APP\controllers\awo_configs_controller.php, line 37]
2012-05-13 09:59:35 Debug: Notice (8): Undefined index: tipoArch4 in [APP\controllers\awo_configs_controller.php, line 44]
2012-05-13 10:00:14 Debug: Notice (8): Undefined index: tipoArch1 in [APP\controllers\awo_configs_controller.php, line 23]
2012-05-13 10:00:14 Debug: Notice (8): Undefined index: tipoArch2 in [APP\controllers\awo_configs_controller.php, line 30]
2012-05-13 10:00:14 Debug: Notice (8): Undefined index: tipoArch3 in [APP\controllers\awo_configs_controller.php, line 37]
2012-05-13 10:00:14 Debug: Notice (8): Undefined index: tipoArch4 in [APP\controllers\awo_configs_controller.php, line 44]
2012-05-13 10:01:30 Debug: Notice (8): Undefined index: tipoArch2 in [APP\controllers\awo_configs_controller.php, line 30]
2012-05-13 10:01:30 Debug: Notice (8): Undefined index: tipoArch3 in [APP\controllers\awo_configs_controller.php, line 37]
2012-05-13 10:01:30 Debug: Notice (8): Undefined index: tipoArch4 in [APP\controllers\awo_configs_controller.php, line 44]
2012-05-13 10:20:39 Debug: Notice (8): Undefined offset: 2 in [APP\views\awo_configs\edit.ctp, line 51]
2012-05-13 10:20:39 Debug: Notice (8): Undefined offset: 3 in [APP\views\awo_configs\edit.ctp, line 60]
2012-05-13 10:21:33 Debug: Notice (8): Undefined offset: 2 in [APP\views\awo_configs\edit.ctp, line 53]
2012-05-13 10:21:33 Debug: Notice (8): Undefined offset: 3 in [APP\views\awo_configs\edit.ctp, line 62]
2012-05-13 10:22:59 Debug: Notice (8): Undefined offset: 2 in [APP\views\awo_configs\edit.ctp, line 51]
2012-05-13 10:22:59 Debug: Notice (8): Undefined offset: 3 in [APP\views\awo_configs\edit.ctp, line 60]
2012-05-13 22:16:34 Debug: Notice (8): Undefined index: Missing Controller in [APP\views\layouts\default.ctp, line 43]
2012-05-13 22:36:43 Debug: Notice (8): Undefined property: PagesController::$Auth in [APP\controllers\pages_controller.php, line 66]
2012-05-13 22:37:39 Debug: Notice (8): Undefined property: View::$Auth in [APP\views\pages\home.ctp, line 3]
2012-05-13 22:42:56 Debug: Notice (8): Undefined property: PagesController::$Auth in [APP\controllers\pages_controller.php, line 82]
2012-05-13 22:44:47 Debug: Notice (8): Undefined index: Missing Controller in [APP\views\layouts\default.ctp, line 43]
2012-05-13 22:47:09 Debug: Notice (8): Undefined index: Missing Controller in [APP\views\layouts\default.ctp, line 43]
2012-05-13 22:49:51 Debug: Notice (8): Undefined index: Missing Controller in [APP\views\layouts\default.ctp, line 43]
2012-05-13 22:50:55 Debug: Notice (8): Undefined index: Missing Controller in [APP\views\layouts\default.ctp, line 43]
2012-05-13 22:52:13 Debug: Notice (8): Undefined index: Missing Controller in [APP\views\layouts\default.ctp, line 43]
2012-05-13 22:53:06 Debug: Notice (8): Undefined index: Missing Controller in [APP\views\layouts\default.ctp, line 43]
2012-05-13 22:57:59 Debug: Notice (8): Undefined index: Missing Controller in [APP\views\layouts\default.ctp, line 43]
2012-05-13 22:59:07 Debug: Notice (8): Undefined index: Missing Controller in [APP\views\layouts\default.ctp, line 43]
2012-05-13 23:00:06 Debug: Notice (8): Undefined property: PagesController::$Auth in [APP\controllers\pages_controller.php, line 84]
2012-05-13 23:01:24 Debug: Notice (8): Undefined index: Missing Controller in [APP\views\layouts\default.ctp, line 43]
2012-05-13 23:56:04 Debug: Notice (8): Undefined property: PagesController::$Auth in [APP\controllers\pages_controller.php, line 84]
2012-05-13 23:56:29 Debug: Notice (8): Undefined index: Missing Controller in [APP\views\layouts\default.ctp, line 43]
2012-05-13 23:58:03 Debug: Notice (8): Undefined index: Missing Controller in [APP\views\layouts\default.ctp, line 43]
2012-05-14 00:01:10 Debug: Notice (8): Undefined index: Missing Controller in [APP\views\layouts\default.ctp, line 43]
2012-05-14 00:05:30 Debug: Notice (8): Undefined index: Missing Controller in [APP\views\layouts\default.ctp, line 43]
2012-05-14 00:06:33 Debug: Notice (8): Undefined index: Missing Controller in [APP\views\layouts\default.ctp, line 43]
2012-05-14 00:22:08 Debug: Notice (8): Undefined index: Missing Controller in [APP\views\layouts\default.ctp, line 43]
2012-05-14 00:23:50 Debug: Notice (8): Undefined index: Missing Controller in [APP\views\layouts\default.ctp, line 43]
2012-05-14 00:24:44 Debug: Notice (8): Undefined index: Missing Controller in [APP\views\layouts\default.ctp, line 43]
2012-05-14 00:24:46 Debug: Notice (8): Undefined index: Missing Controller in [APP\views\layouts\default.ctp, line 43]
2012-05-14 00:25:09 Debug: Notice (8): Undefined index: Missing Controller in [APP\views\layouts\default.ctp, line 43]
2012-05-14 00:25:24 Debug: Notice (8): Undefined index: Missing Controller in [APP\views\layouts\default.ctp, line 43]
2012-05-14 00:26:16 Debug: Notice (8): Undefined index: Missing Controller in [APP\views\layouts\default.ctp, line 43]
2012-05-14 00:26:59 Debug: Notice (8): Undefined index: Missing Controller in [APP\views\layouts\default.ctp, line 43]
2012-05-14 00:27:12 Debug: Notice (8): Undefined index: Missing Controller in [APP\views\layouts\default.ctp, line 43]
2012-05-14 00:27:41 Debug: Notice (8): Undefined index: Missing Controller in [APP\views\layouts\default.ctp, line 43]
2012-05-14 00:33:54 Debug: Notice (8): Undefined index: Missing Controller in [APP\views\layouts\default.ctp, line 43]
2012-05-14 00:34:02 Debug: Notice (8): Undefined index: Missing Controller in [APP\views\layouts\default.ctp, line 43]
2012-05-14 00:35:01 Debug: Notice (8): Undefined index: Missing Controller in [APP\views\layouts\default.ctp, line 43]
2012-05-14 00:36:27 Debug: Notice (8): Undefined index: Missing Database Table in [APP\views\layouts\default.ctp, line 43]
2012-05-14 00:36:54 Debug: Notice (8): Undefined index: Missing Method in Controller in [APP\views\layouts\default.ctp, line 43]
2012-05-14 00:37:22 Debug: Notice (8): Undefined index: Missing Method in Controller in [APP\views\layouts\default.ctp, line 43]
2012-05-14 00:38:21 Debug: Notice (8): Undefined index: Missing Method in Controller in [APP\views\layouts\default.ctp, line 43]
2012-05-14 21:45:55 Debug: Notice (8): Undefined variable: user in [APP\controllers\pages_controller.php, line 67]
2012-05-14 22:07:09 Debug: Notice (8): Undefined index: Missing Controller in [APP\views\layouts\default.ctp, line 43]
2012-05-14 22:07:22 Debug: Notice (8): Undefined index: Missing Controller in [APP\views\layouts\default.ctp, line 43]
2012-05-14 22:07:23 Debug: Notice (8): Undefined index: Missing Controller in [APP\views\layouts\default.ctp, line 43]
2012-05-14 22:09:37 Debug: Notice (8): Undefined index: Missing Controller in [APP\views\layouts\default.ctp, line 43]
2012-05-14 22:11:55 Debug: Notice (8): Undefined index: Missing Controller in [APP\views\layouts\default.ctp, line 43]
2012-05-14 22:12:59 Debug: Notice (8): Undefined index: Missing Controller in [APP\views\layouts\default.ctp, line 43]
2012-05-14 22:19:44 Debug: Notice (8): Undefined variable: authUser in [APP\views\pages\home.ctp, line 4]
2012-05-14 22:22:06 Debug: Notice (8): Undefined property: AwoBibliotecasController::$Auth in [APP\controllers\awo_bibliotecas_controller.php, line 26]
2012-05-14 22:34:15 Debug: Notice (8): Undefined property: SessionComponent::$AwoUsuario in [APP\controllers\awo_bibliotecas_controller.php, line 26]
2012-05-14 22:34:16 Debug: Notice (8): Undefined property: SessionComponent::$AwoUsuario in [APP\controllers\awo_bibliotecas_controller.php, line 26]
2012-05-14 22:55:20 Debug: Notice (8): Undefined index: Missing Controller in [APP\views\layouts\default.ctp, line 43]
2012-05-14 23:14:23 Debug: Notice (8): Undefined index: Missing Controller in [APP\views\layouts\default.ctp, line 43]
2012-05-14 23:21:52 Debug: Notice (8): Undefined index: Missing View in [APP\views\layouts\default.ctp, line 43]
2012-05-14 23:26:12 Debug: Notice (8): Undefined index: Missing Controller in [APP\views\layouts\default.ctp, line 43]
2012-05-14 23:26:39 Debug: Notice (8): Undefined index: AwoUsuario in [APP\controllers\awo_usuarios_controller.php, line 101]
2012-05-14 23:29:10 Debug: Notice (8): Undefined index: AwoUsuario in [APP\controllers\awo_usuarios_controller.php, line 101]
2012-05-16 21:48:41 Debug: Notice (8): Undefined index: Missing Controller in [APP\views\layouts\default.ctp, line 43]
2012-05-18 20:21:39 Debug: Notice (8): Undefined index: not_max_titulo in [APP\views\awo_bibliotecas\add.ctp, line 23]
2012-05-18 20:22:21 Debug: Notice (8): Undefined index: not_max_titulo in [APP\views\awo_bibliotecas\add.ctp, line 23]
2012-05-18 23:45:31 Debug: Notice (8): Undefined offset: 0 in [APP\models\awo_biblioteca.php, line 36]
2012-05-18 23:47:37 Debug: Notice (8): Undefined offset: 0 in [APP\models\awo_biblioteca.php, line 36]
2012-05-18 23:51:11 Debug: Notice (8): Undefined offset: 0 in [APP\models\awo_biblioteca.php, line 36]
2012-05-18 23:58:12 Debug: Notice (8): Undefined variable: config in [APP\views\awo_bibliotecas\add.ctp, line 29]
2012-05-18 23:58:12 Debug: Notice (8): Undefined variable: config in [APP\views\awo_bibliotecas\add.ctp, line 30]
2012-05-19 00:01:51 Debug: Notice (8): Undefined variable: config in [APP\views\awo_bibliotecas\add.ctp, line 29]
2012-05-19 00:01:51 Debug: Notice (8): Undefined variable: config in [APP\views\awo_bibliotecas\add.ctp, line 30]
2012-05-19 06:33:18 Debug: Notice (8): Undefined variable: AwoBiblioteca in [APP\views\awo_bibliotecas\index.ctp, line 81]
2012-05-19 06:39:28 Debug: Notice (8): Undefined variable: config in [APP\views\awo_bibliotecas\edit.ctp, line 14]
2012-05-19 06:39:28 Debug: Notice (8): Undefined variable: config in [APP\views\awo_bibliotecas\edit.ctp, line 15]
2012-05-19 06:54:23 Debug: Notice (8): Undefined offset: 0 in [APP\models\awo_biblioteca.php, line 69]
2012-05-19 06:54:23 Debug: Notice (8): Undefined offset: 0 in [APP\models\awo_biblioteca.php, line 69]
2012-05-19 06:54:37 Debug: Notice (8): Undefined offset: 0 in [APP\models\awo_biblioteca.php, line 69]
2012-05-19 06:54:37 Debug: Notice (8): Undefined offset: 0 in [APP\models\awo_biblioteca.php, line 69]
2012-05-19 07:24:51 Debug: Notice (8): Undefined variable: radioOptions in [CORE\cake\libs\view\helpers\form.php, line 785]
2012-05-19 07:57:12 Debug: Notice (8): Undefined index: Missing Controller in [APP\views\layouts\default.ctp, line 43]
2012-05-20 11:21:22 Debug: Notice (8): Undefined index: AwoNoticias in [APP\models\awo_noticia.php, line 18]
2012-05-20 11:21:22 Debug: Notice (8): Undefined index: AwoNoticias in [APP\models\awo_noticia.php, line 32]
2012-05-20 11:21:22 Debug: Notice (8): Undefined index: imagen in [APP\controllers\awo_noticias_controller.php, line 50]
2012-05-20 11:21:22 Debug: Notice (8): Undefined index: archivo in [APP\controllers\awo_noticias_controller.php, line 52]
2012-05-20 11:26:07 Debug: Notice (8): Undefined index: AwoNoticias in [APP\models\awo_noticia.php, line 18]
2012-05-20 11:26:07 Debug: Notice (8): Undefined index: AwoNoticias in [APP\models\awo_noticia.php, line 39]
2012-05-20 11:26:07 Debug: Notice (8): Undefined index: imagen in [APP\controllers\awo_noticias_controller.php, line 50]
2012-05-20 11:26:07 Debug: Notice (8): Undefined index: archivo in [APP\controllers\awo_noticias_controller.php, line 52]
2012-05-20 11:31:38 Debug: Notice (8): Undefined index: AwoNoticias in [APP\models\awo_noticia.php, line 18]
2012-05-20 11:31:38 Debug: Notice (8): Undefined index: AwoNoticias in [APP\models\awo_noticia.php, line 39]
2012-05-20 11:31:38 Debug: Notice (8): Undefined index: imagen in [APP\controllers\awo_noticias_controller.php, line 50]
2012-05-20 11:31:38 Debug: Notice (8): Undefined index: archivo in [APP\controllers\awo_noticias_controller.php, line 52]
2012-05-20 15:54:26 Debug: Notice (8): Undefined property: PagesController::$Page in [APP\controllers\pages_controller.php, line 85]
2012-05-20 15:55:22 Debug: Notice (8): Undefined property: PagesController::$Pages in [APP\controllers\pages_controller.php, line 85]
2012-05-20 19:20:40 Debug: Notice (8): Undefined index: titulo in [APP\views\pages\home.ctp, line 27]
2012-05-20 19:20:40 Debug: Notice (8): Undefined index: created_at in [APP\views\pages\home.ctp, line 33]
2012-05-20 19:20:40 Debug: Notice (8): Undefined index: entradilla in [APP\views\pages\home.ctp, line 39]
2012-05-20 19:20:40 Debug: Notice (8): Undefined index: id in [APP\views\pages\home.ctp, line 43]
2012-05-20 19:21:11 Debug: Notice (8): Undefined index: titulo in [APP\views\pages\home.ctp, line 29]
2012-05-20 19:21:11 Debug: Notice (8): Undefined index: created_at in [APP\views\pages\home.ctp, line 35]
2012-05-20 19:21:11 Debug: Notice (8): Undefined index: entradilla in [APP\views\pages\home.ctp, line 41]
2012-05-20 19:21:11 Debug: Notice (8): Undefined index: id in [APP\views\pages\home.ctp, line 45]
2012-05-20 19:22:03 Debug: Notice (8): Undefined index: AwoNoticias in [APP\views\pages\home.ctp, line 29]
2012-05-20 19:22:03 Debug: Notice (8): Undefined index: AwoNoticias in [APP\views\pages\home.ctp, line 35]
2012-05-20 19:22:03 Debug: Notice (8): Undefined index: AwoNoticias in [APP\views\pages\home.ctp, line 41]
2012-05-20 19:22:03 Debug: Notice (8): Undefined index: AwoNoticias in [APP\views\pages\home.ctp, line 45]
2012-05-20 21:44:19 Debug: Notice (8): Undefined index: awo_biblioteca in [APP\views\pages\home.ctp, line 85]
2012-05-20 21:44:19 Debug: Notice (8): Undefined index: awo_biblioteca in [APP\views\pages\home.ctp, line 87]
2012-05-20 21:45:08 Debug: Notice (8): Undefined index: awo_biblioteca in [APP\views\pages\home.ctp, line 87]
2012-05-20 21:45:08 Debug: Notice (8): Undefined index: awo_biblioteca in [APP\views\pages\home.ctp, line 89]
2012-05-20 21:45:58 Debug: Notice (8): Undefined index: archivo in [APP\views\pages\home.ctp, line 87]
2012-05-20 21:46:48 Debug: Notice (8): Undefined variable: archivo in [APP\views\pages\home.ctp, line 81]
2012-05-20 21:46:48 Debug: Notice (8): Undefined index: archivo in [APP\views\pages\home.ctp, line 89]
2012-05-20 21:47:03 Debug: Notice (8): Undefined variable: u_archivo in [APP\views\pages\home.ctp, line 81]
2012-05-20 21:47:03 Debug: Notice (8): Undefined index: archivo in [APP\views\pages\home.ctp, line 89]
2012-05-20 21:47:14 Debug: Notice (8): Undefined index: archivo in [APP\views\pages\home.ctp, line 89]
2012-05-22 20:57:23 Debug: Notice (8): Undefined index: Home in [APP\views\layouts\default.ctp, line 43]
2012-05-22 23:12:51 Debug: Notice (8): Undefined index: archivo in [APP\controllers\awo_noticias_controller.php, line 52]
2012-05-22 23:15:07 Debug: Notice (8): Undefined index: archivo in [APP\controllers\awo_noticias_controller.php, line 52]
2012-05-22 23:16:07 Debug: Notice (8): Undefined index: archivo in [APP\controllers\awo_noticias_controller.php, line 52]
2012-05-22 23:17:39 Debug: Notice (8): Undefined index: imagen in [APP\controllers\awo_noticias_controller.php, line 50]
2012-05-22 23:17:39 Debug: Notice (8): Undefined index: archivo in [APP\controllers\awo_noticias_controller.php, line 52]
2012-05-22 23:18:52 Debug: Notice (1024): La imagen Chrysanthemum.jpg no existe in [APP\models\awo_noticia.php, line 154]
2012-05-22 23:21:13 Debug: Notice (1024): La imagen Chrysanthemum.jpg no existe in [APP\models\awo_noticia.php, line 154]
2012-05-22 23:23:38 Debug: Notice (1024): La imagen Desert.jpg no existe in [APP\models\awo_noticia.php, line 154]
2012-05-22 23:25:35 Debug: Notice (8): Undefined index: imagen in [APP\controllers\awo_noticias_controller.php, line 50]
2012-05-22 23:25:35 Debug: Notice (8): Undefined index: archivo in [APP\controllers\awo_noticias_controller.php, line 52]
2012-05-22 23:27:34 Debug: Notice (1024): La imagen Hydrangeas.jpg no existe in [APP\models\awo_noticia.php, line 154]
2012-05-22 23:32:36 Debug: Notice (1024): La imagen Lighthouse.jpg no existe in [APP\models\awo_noticia.php, line 158]
2012-05-22 23:36:00 Debug: Notice (8): Undefined property: AwoNoticia::$webroot in [APP\models\awo_noticia.php, line 71]
2012-05-22 23:36:00 Debug: Notice (8): Undefined property: AwoNoticia::$webroot in [APP\models\awo_noticia.php, line 76]
2012-05-22 23:44:37 Debug: Notice (8): Undefined property: AwoNoticia::$webroot in [APP\models\awo_noticia.php, line 71]
2012-05-22 23:44:37 Debug: Notice (8): Undefined property: AwoNoticia::$webroot in [APP\models\awo_noticia.php, line 76]
2012-05-22 23:55:08 Debug: Notice (8): Undefined property: AwoNoticia::$webroot in [APP\models\awo_noticia.php, line 71]
2012-05-22 23:55:08 Debug: Notice (8): Undefined property: AwoNoticia::$webroot in [APP\models\awo_noticia.php, line 76]
2012-05-23 00:09:18 Debug: Notice (8): Undefined index: imagen in [APP\controllers\awo_noticias_controller.php, line 50]
2012-05-23 00:09:18 Debug: Notice (8): Undefined index: archivo in [APP\controllers\awo_noticias_controller.php, line 52]
2012-05-23 00:10:19 Debug: Notice (8): Undefined property: AwoNoticia::$webroot in [APP\models\awo_noticia.php, line 71]
2012-05-23 00:10:19 Debug: Notice (8): Undefined property: AwoNoticia::$webroot in [APP\models\awo_noticia.php, line 76]
2012-05-23 00:15:37 Debug: Notice (8): Undefined property: AwoNoticia::$webroot in [APP\models\awo_noticia.php, line 71]
2012-05-23 00:15:37 Debug: Notice (8): Undefined property: AwoNoticia::$webroot in [APP\models\awo_noticia.php, line 76]
2012-05-23 00:16:52 Debug: Notice (8): Undefined property: AwoNoticia::$webroot in [APP\models\awo_noticia.php, line 71]
2012-05-23 00:16:52 Debug: Notice (8): Undefined property: AwoNoticia::$webroot in [APP\models\awo_noticia.php, line 76]
2012-05-23 00:18:12 Debug: Notice (8): Undefined property: AwoNoticia::$webroot in [APP\models\awo_noticia.php, line 71]
2012-05-23 00:18:12 Debug: Notice (8): Undefined property: AwoNoticia::$webroot in [APP\models\awo_noticia.php, line 76]
2012-05-23 19:58:01 Debug: Notice (8): Undefined index: imagen in [APP\controllers\awo_noticias_controller.php, line 50]
2012-05-23 19:58:01 Debug: Notice (8): Undefined index: archivo in [APP\controllers\awo_noticias_controller.php, line 52]
2012-05-23 20:03:39 Debug: Notice (8): Undefined property: AwoNoticia::$webroot in [APP\models\awo_noticia.php, line 67]
2012-05-23 20:03:39 Debug: Notice (8): Undefined index: archivo in [APP\controllers\awo_noticias_controller.php, line 52]
2012-05-23 20:14:15 Debug: Notice (8): Undefined index: archivo in [APP\controllers\awo_noticias_controller.php, line 52]
2012-05-28 21:00:18 Debug: Notice (8): Undefined index: Home in [APP\views\layouts\default.ctp, line 43]
2012-05-28 21:00:38 Debug: Notice (8): Undefined index: Home in [APP\views\layouts\default.ctp, line 43]
2012-05-28 21:04:06 Debug: Notice (8): Undefined index: Home in [APP\views\layouts\default.ctp, line 43]
2012-05-28 21:04:22 Debug: Notice (8): Undefined index: Home in [APP\views\layouts\default.ctp, line 43]
2012-05-28 21:16:44 Debug: Notice (8): Undefined index: Home in [APP\views\layouts\default.ctp, line 43]
2012-05-28 21:25:31 Debug: Notice (8): Undefined index: Missing Controller in [APP\views\layouts\default.ctp, line 43]
2012-05-28 21:25:31 Debug: Notice (8): Undefined index: Missing Controller in [APP\views\layouts\default.ctp, line 43]
2012-05-28 21:25:31 Debug: Notice (8): Undefined index: Missing Controller in [APP\views\layouts\default.ctp, line 43]
2012-05-28 21:25:31 Debug: Notice (8): Undefined index: Missing Controller in [APP\views\layouts\default.ctp, line 43]
2012-05-28 22:23:20 Debug: Notice (8): Undefined index: Home in [APP\views\layouts\default.ctp, line 43]
2012-05-29 21:17:23 Debug: Notice (8): Undefined index: Home in [APP\views\layouts\default.ctp, line 43]
2012-05-29 21:22:27 Debug: Notice (8): Undefined index: archivo in [APP\models\awo_noticia.php, line 86]
2012-05-29 21:37:23 Debug: Notice (8): Undefined index: archivo in [APP\controllers\awo_noticias_controller.php, line 108]
2012-05-29 21:37:23 Debug: Notice (8): Undefined index: archivo in [APP\controllers\awo_noticias_controller.php, line 110]
2012-05-29 22:30:35 Debug: Notice (8): Undefined index: Home in [APP\views\layouts\default.ctp, line 43]
2012-05-29 22:30:50 Debug: Notice (8): Undefined index: Home in [APP\views\layouts\default.ctp, line 43]
2012-05-29 22:30:51 Debug: Notice (8): Undefined index: Home in [APP\views\layouts\default.ctp, line 43]
2012-05-29 22:36:05 Debug: Notice (8): Undefined index: Home in [APP\views\layouts\default.ctp, line 43]
2012-05-29 23:03:46 Debug: Notice (8): Undefined property: AwoNoticiasController::$AwoBiblioteca in [APP\controllers\awo_noticias_controller.php, line 47]
2012-05-29 23:53:32 Debug: Notice (8): Undefined index: Home in [APP\views\layouts\default.ctp, line 43]
2012-05-30 00:01:11 Debug: Notice (8): Undefined variable: perfil in [APP\views\layouts\default.ctp, line 79]
2012-05-30 00:01:15 Debug: Notice (8): Undefined index: Home in [APP\views\layouts\default.ctp, line 43]
2012-05-30 00:06:08 Debug: Notice (8): Undefined index: Home in [APP\views\layouts\default.ctp, line 43]
2012-05-30 00:06:16 Debug: Notice (8): Undefined variable: perfil in [APP\views\layouts\default.ctp, line 79]
2012-06-02 14:36:35 Notice: Notice (8): Undefined index:  Missing Database Table in [APP/views/layouts/default.ctp, line 43]
2012-06-02 14:36:36 Notice: Notice (8): Undefined index:  Missing Database Table in [APP/views/layouts/default.ctp, line 43]
2012-06-02 14:43:45 Notice: Notice (8): Undefined index:  Missing Database Table in [APP/views/layouts/default.ctp, line 43]
2012-06-02 14:43:45 Notice: Notice (8): Undefined index:  Missing Database Table in [APP/views/layouts/default.ctp, line 43]
2012-06-02 16:02:45 Notice: Notice (8): Undefined index:  Home in [APP/views/layouts/default.ctp, line 43]
2012-06-02 18:50:23 Notice: Notice (8): Undefined offset:  0 in [APP/models/awo_biblioteca.php, line 44]
2012-06-02 18:51:25 Notice: Notice (8): Undefined offset:  0 in [APP/models/awo_biblioteca.php, line 44]
2012-06-02 19:10:47 Notice: Notice (8): Undefined offset:  0 in [APP/views/awo_bibliotecas/edit.ctp, line 47]
2012-06-02 19:16:14 Notice: Notice (8): Undefined offset:  0 in [APP/views/awo_bibliotecas/edit.ctp, line 47]
2012-06-02 23:21:04 Notice: Notice (8): Undefined index:  Missing Controller in [APP/views/layouts/default.ctp, line 43]
2012-06-02 23:21:04 Notice: Notice (8): Undefined index:  Missing Controller in [APP/views/layouts/default.ctp, line 43]
2012-06-02 23:21:57 Notice: Notice (8): Undefined index:  Missing Controller in [APP/views/layouts/default.ctp, line 43]
2012-06-02 23:21:57 Notice: Notice (8): Undefined index:  Missing Controller in [APP/views/layouts/default.ctp, line 43]
2012-06-02 23:45:13 Notice: Notice (8): Undefined index:  Missing Controller in [APP/views/layouts/default.ctp, line 43]
2012-06-02 23:45:13 Notice: Notice (8): Undefined index:  Missing Controller in [APP/views/layouts/default.ctp, line 43]
2012-06-04 09:20:55 Notice: Notice (8): Undefined index:  Missing Controller in [APP/views/layouts/default.ctp, line 43]
2012-06-04 09:21:24 Notice: Notice (8): Undefined index:  Missing Controller in [APP/views/layouts/default.ctp, line 43]
2012-06-04 09:22:20 Notice: Notice (8): Undefined index:  Missing Controller in [APP/views/layouts/default.ctp, line 43]
2012-06-04 09:22:20 Notice: Notice (8): Undefined index:  Missing Controller in [APP/views/layouts/default.ctp, line 43]
2012-06-04 09:40:17 Notice: Notice (8): Undefined index:  Missing Controller in [APP/views/layouts/default.ctp, line 43]
2012-06-04 09:40:17 Notice: Notice (8): Undefined index:  Missing Controller in [APP/views/layouts/default.ctp, line 43]
2012-06-04 09:41:11 Notice: Notice (8): Undefined index:  Missing Controller in [APP/views/layouts/default.ctp, line 43]
2012-06-04 09:41:11 Notice: Notice (8): Undefined index:  Missing Controller in [APP/views/layouts/default.ctp, line 43]
2012-06-04 17:59:06 Notice: Notice (8): Undefined index:  Missing Controller in [APP/views/layouts/default.ctp, line 43]
2012-06-11 05:16:05 Notice: Notice (8): Undefined index:  Missing Controller in [APP/views/layouts/default.ctp, line 43]
2012-06-11 16:21:41 Notice: Notice (8): Undefined index:  Missing Controller in [APP/views/layouts/default.ctp, line 43]
2012-06-11 18:20:33 Notice: Notice (8): Undefined index:  Missing Controller in [APP/views/layouts/default.ctp, line 43]
2012-06-12 05:00:07 Notice: Notice (8): Undefined index:  Missing Controller in [APP/views/layouts/default.ctp, line 43]
2012-06-12 05:42:25 Notice: Notice (8): Undefined index:  Missing Controller in [APP/views/layouts/default.ctp, line 43]
2012-06-12 20:55:31 Notice: Notice (8): Undefined index:  Missing Controller in [APP/views/layouts/default.ctp, line 43]
2012-06-12 20:55:47 Notice: Notice (8): Undefined index:  Missing Controller in [APP/views/layouts/default.ctp, line 43]
2012-06-13 05:43:17 Notice: Notice (8): Undefined index:  Missing Controller in [APP/views/layouts/default.ctp, line 43]
2012-06-14 11:10:44 Notice: Notice (8): Undefined index:  Missing Controller in [APP/views/layouts/default.ctp, line 43]
2012-06-15 10:55:27 Notice: Notice (8): Undefined index:  Missing Controller in [APP/views/layouts/default.ctp, line 43]
2012-06-15 10:56:03 Notice: Notice (8): Undefined index:  Missing Controller in [APP/views/layouts/default.ctp, line 43]
2012-06-15 13:07:49 Notice: Notice (8): Undefined index:  Missing Controller in [APP/views/layouts/default.ctp, line 43]
2012-06-17 06:29:03 Notice: Notice (8): Undefined index:  Missing Controller in [APP/views/layouts/default.ctp, line 43]
2012-06-19 11:08:48 Notice: Notice (8): Undefined index:  Missing Controller in [APP/views/layouts/default.ctp, line 43]
2012-06-19 11:08:48 Notice: Notice (8): Undefined index:  Missing Controller in [APP/views/layouts/default.ctp, line 43]
2012-06-20 08:33:32 Notice: Notice (8): Undefined index:  Missing Controller in [APP/views/layouts/default.ctp, line 43]
2012-06-24 23:17:38 Notice: Notice (8): Undefined index:  Missing Controller in [APP/views/layouts/default.ctp, line 43]
2012-06-27 17:35:19 Notice: Notice (8): Undefined index:  Missing Controller in [APP/views/layouts/default.ctp, line 43]
2012-06-28 07:32:03 Notice: Notice (8): Undefined index:  Missing Controller in [APP/views/layouts/default.ctp, line 43]
2012-07-03 12:04:31 Notice: Notice (8): Undefined index:  Missing Controller in [APP/views/layouts/default.ctp, line 43]
2012-07-03 20:21:38 Notice: Notice (8): Undefined index:  Missing Controller in [APP/views/layouts/default.ctp, line 43]
2012-07-07 14:10:08 Notice: Notice (8): Undefined index:  Missing Controller in [APP/views/layouts/default.ctp, line 43]
2012-07-07 14:12:34 Notice: Notice (8): Undefined index:  Missing Controller in [APP/views/layouts/default.ctp, line 43]
2012-07-07 14:13:08 Notice: Notice (8): Undefined index:  Missing Controller in [APP/views/layouts/default.ctp, line 43]
2012-07-07 16:58:24 Notice: Notice (8): Undefined index:  Missing Controller in [APP/views/layouts/default.ctp, line 43]
2012-07-08 02:14:13 Notice: Notice (8): Undefined index:  Missing Controller in [APP/views/layouts/default.ctp, line 43]
2012-07-10 05:17:09 Notice: Notice (8): Undefined index:  Missing Controller in [APP/views/layouts/default.ctp, line 43]
2012-07-11 12:18:12 Notice: Notice (8): Undefined index:  Missing Controller in [APP/views/layouts/default.ctp, line 43]
2012-07-11 12:19:12 Notice: Notice (8): Undefined index:  Missing Controller in [APP/views/layouts/default.ctp, line 43]
2012-07-11 12:19:16 Notice: Notice (8): Undefined index:  Missing Controller in [APP/views/layouts/default.ctp, line 43]
2012-07-13 12:08:16 Notice: Notice (8): Undefined index:  Missing Controller in [APP/views/layouts/default.ctp, line 43]
2012-07-13 12:08:27 Notice: Notice (8): Undefined index:  Missing Controller in [APP/views/layouts/default.ctp, line 43]
2012-07-14 09:51:43 Notice: Notice (8): Undefined index:  Missing Controller in [APP/views/layouts/default.ctp, line 43]
2012-07-18 07:24:53 Notice: Notice (8): Undefined index:  Missing Controller in [APP/views/layouts/default.ctp, line 43]
2012-07-18 08:25:14 Notice: Notice (8): Undefined index:  Missing Controller in [APP/views/layouts/default.ctp, line 43]
2012-07-20 15:20:37 Notice: Notice (8): Undefined index:  Missing Controller in [APP/views/layouts/default.ctp, line 43]
2012-07-21 20:47:24 Notice: Notice (8): Undefined index:  Missing Controller in [APP/views/layouts/default.ctp, line 43]
2012-07-24 05:36:18 Notice: Notice (8): Undefined index:  Missing Controller in [APP/views/layouts/default.ctp, line 43]
2012-07-24 22:49:58 Notice: Notice (8): Undefined index:  Missing Controller in [APP/views/layouts/default.ctp, line 43]
2012-07-28 10:09:37 Notice: Notice (8): Undefined index:  archivo in [APP/controllers/awo_noticias_controller.php, line 133]
2012-07-28 10:09:37 Notice: Notice (8): Undefined index:  archivo in [APP/controllers/awo_noticias_controller.php, line 135]
2012-07-28 10:10:10 Notice: Notice (8): Undefined index:  archivo in [APP/controllers/awo_noticias_controller.php, line 133]
2012-07-28 10:10:10 Notice: Notice (8): Undefined index:  archivo in [APP/controllers/awo_noticias_controller.php, line 135]
2012-07-28 10:11:35 Notice: Notice (8): Undefined index:  archivo in [APP/controllers/awo_noticias_controller.php, line 133]
2012-07-28 10:11:35 Notice: Notice (8): Undefined index:  archivo in [APP/controllers/awo_noticias_controller.php, line 135]
2012-07-28 10:15:04 Notice: Notice (8): Undefined index:  archivo in [APP/controllers/awo_noticias_controller.php, line 133]
2012-07-28 10:15:04 Notice: Notice (8): Undefined index:  archivo in [APP/controllers/awo_noticias_controller.php, line 135]
2012-07-28 14:38:31 Notice: Notice (8): Undefined index:  Missing Controller in [APP/views/layouts/default.ctp, line 43]
2012-07-28 17:33:38 Notice: Notice (8): Undefined index:  Missing Controller in [APP/views/layouts/default.ctp, line 43]
2012-07-30 15:18:44 Notice: Notice (8): Undefined index:  archivo in [APP/controllers/awo_noticias_controller.php, line 133]
2012-07-30 15:18:44 Notice: Notice (8): Undefined index:  archivo in [APP/controllers/awo_noticias_controller.php, line 135]
2012-08-03 18:05:03 Notice: Notice (8): Undefined index:  Missing Controller in [APP/views/layouts/default.ctp, line 43]
2012-08-05 15:59:34 Notice: Notice (8): Undefined index:  Missing Controller in [APP/views/layouts/default.ctp, line 43]
2012-08-06 23:10:32 Notice: Notice (8): Undefined index:  Missing Controller in [APP/views/layouts/default.ctp, line 43]
2012-08-07 21:10:32 Notice: Notice (8): Undefined index:  Missing Controller in [APP/views/layouts/default.ctp, line 43]
2012-08-07 23:37:44 Notice: Notice (8): Undefined index:  Missing Controller in [APP/views/layouts/default.ctp, line 43]
2012-08-08 07:15:45 Notice: Notice (8): Undefined index:  Missing Controller in [APP/views/layouts/default.ctp, line 43]
