2012-04-16 19:19:42 Warning: Warning (2): strtotime() [<a href='http://php.net/function.strtotime'>function.strtotime</a>]: It is not safe to rely on the system's timezone settings. You are *required* to use the date.timezone setting or the date_default_timezone_set() function. In case you used any of those methods and you are still getting this warning, you most likely misspelled the timezone identifier. We selected 'Europe/Paris' for '2.0/DST' instead in [CORE\cake\libs\cache.php, line 432]
2012-04-16 19:19:42 Error: Fatal Error (256): ConnectionManager::getDataSource - Non-existent data source default in [CORE\cake\libs\model\connection_manager.php, line 108]
2012-04-16 17:21:20 Error: Fatal Error (256): ConnectionManager::getDataSource - Non-existent data source default in [CORE\cake\libs\model\connection_manager.php, line 108]
2012-05-06 17:33:15 Warning: Warning (2): in_array() expects at least 2 parameters, 1 given in [APP\views\elements\menu.ctp, line 34]
2012-05-06 23:05:33 Warning: Warning (512): <span style = "color:Red;text-align:left"><b>SQL Error:</b> 1364: Field 'tipo' doesn't have a default value</span> in [CORE\cake\libs\model\datasources\dbo_source.php, line 526]
2012-05-06 23:06:18 Warning: Warning (512): <span style = "color:Red;text-align:left"><b>SQL Error:</b> 1364: Field 'tipo' doesn't have a default value</span> in [CORE\cake\libs\model\datasources\dbo_source.php, line 526]
2012-05-06 23:06:29 Warning: Warning (512): <span style = "color:Red;text-align:left"><b>SQL Error:</b> 1364: Field 'created_at' doesn't have a default value</span> in [CORE\cake\libs\model\datasources\dbo_source.php, line 526]
2012-05-06 23:06:51 Warning: Warning (512): <span style = "color:Red;text-align:left"><b>SQL Error:</b> 1364: Field 'created_at' doesn't have a default value</span> in [CORE\cake\libs\model\datasources\dbo_source.php, line 526]
2012-05-08 22:26:01 Warning: Warning (2): Invalid argument supplied for foreach() in [APP\views\awo_configs\index.ctp, line 33]
2012-05-10 19:42:02 Warning: Warning (2): Invalid argument supplied for foreach() in [APP\views\awo_configs\index.ctp, line 33]
2012-05-10 19:42:16 Warning: Warning (2): Invalid argument supplied for foreach() in [APP\views\awo_configs\index.ctp, line 33]
2012-05-10 20:09:43 Warning: Warning (2): Invalid argument supplied for foreach() in [APP\views\awo_configs\index.ctp, line 33]
2012-05-10 20:10:30 Warning: Warning (2): Invalid argument supplied for foreach() in [APP\views\awo_configs\index.ctp, line 33]
2012-05-10 20:44:40 Warning: Warning (2): Invalid argument supplied for foreach() in [APP\views\awo_configs\index.ctp, line 33]
2012-05-12 15:58:39 Warning: Warning (2): Invalid argument supplied for foreach() in [APP\views\awo_configs\index.ctp, line 33]
2012-05-12 17:05:57 Warning: Warning (2): Invalid argument supplied for foreach() in [APP\views\awo_configs\index.ctp, line 33]
2012-05-12 17:06:52 Warning: Warning (2): Invalid argument supplied for foreach() in [APP\views\awo_configs\index.ctp, line 33]
2012-05-12 17:07:46 Warning: Warning (2): Invalid argument supplied for foreach() in [APP\views\awo_configs\index.ctp, line 33]
2012-05-13 22:16:34 Warning: Warning (512): Method HtmlHelper::file does not exist in [CORE\cake\libs\view\helper.php, line 142]
2012-05-14 22:55:19 Warning: Warning (512): Method HtmlHelper::file does not exist in [CORE\cake\libs\view\helper.php, line 142]
2012-05-14 23:14:22 Warning: Warning (512): Method HtmlHelper::file does not exist in [CORE\cake\libs\view\helper.php, line 142]
2012-05-16 21:48:41 Warning: Warning (512): Method HtmlHelper::file does not exist in [CORE\cake\libs\view\helper.php, line 142]
2012-05-18 23:45:31 Warning: Warning (512): <span style = "color:Red;text-align:left"><b>SQL Error:</b> 1064: You have an error in your SQL syntax; check the manual that corresponds to your MySQL server version for the right syntax to use near 'cargaArchivo' at line 1</span> in [CORE\cake\libs\model\datasources\dbo_source.php, line 526]
2012-05-18 23:47:37 Warning: Warning (512): <span style = "color:Red;text-align:left"><b>SQL Error:</b> 1064: You have an error in your SQL syntax; check the manual that corresponds to your MySQL server version for the right syntax to use near 'cargaArchivo' at line 1</span> in [CORE\cake\libs\model\datasources\dbo_source.php, line 526]
2012-05-18 23:48:02 Warning: Warning (512): <span style = "color:Red;text-align:left"><b>SQL Error:</b> 1064: You have an error in your SQL syntax; check the manual that corresponds to your MySQL server version for the right syntax to use near 'cargaArchivo' at line 1</span> in [CORE\cake\libs\model\datasources\dbo_source.php, line 526]
2012-05-18 23:50:26 Warning: Warning (512): <span style = "color:Red;text-align:left"><b>SQL Error:</b> 1064: You have an error in your SQL syntax; check the manual that corresponds to your MySQL server version for the right syntax to use near 'cargaArchivo' at line 1</span> in [CORE\cake\libs\model\datasources\dbo_source.php, line 526]
2012-05-18 23:51:11 Warning: Warning (512): <span style = "color:Red;text-align:left"><b>SQL Error:</b> 1064: You have an error in your SQL syntax; check the manual that corresponds to your MySQL server version for the right syntax to use near 'cargaArchivo' at line 1</span> in [CORE\cake\libs\model\datasources\dbo_source.php, line 526]
2012-05-18 23:51:45 Warning: Warning (512): <span style = "color:Red;text-align:left"><b>SQL Error:</b> 1064: You have an error in your SQL syntax; check the manual that corresponds to your MySQL server version for the right syntax to use near 'cargaArchivo' at line 1</span> in [CORE\cake\libs\model\datasources\dbo_source.php, line 526]
2012-05-19 07:24:51 Warning: Warning (2): Invalid argument supplied for foreach() in [CORE\cake\libs\view\helpers\form.php, line 928]
2012-05-19 08:29:48 Warning: Warning (512): Method TinyMceHelper::_name does not exist in [CORE\cake\libs\view\helper.php, line 142]
2012-05-20 11:21:22 Warning: Warning (512): <span style = "color:Red;text-align:left"><b>SQL Error:</b> 1406: Data too long for column 'entradilla' at row 1</span> in [CORE\cake\libs\model\datasources\dbo_source.php, line 526]
2012-05-20 11:26:07 Warning: Warning (2): dir(img/noticias/img,img/noticias/img) [<a href='http://php.net/function.dir'>function.dir</a>]: El sistema no puede encontrar la ruta especificada. (code: 3) in [APP\models\awo_noticia.php, line 22]
2012-05-20 11:26:07 Warning: Warning (2): dir(img/noticias/img) [<a href='http://php.net/function.dir'>function.dir</a>]: failed to open dir: No such file or directory in [APP\models\awo_noticia.php, line 22]
2012-05-20 11:26:07 Warning: Warning (2): Cannot modify header information - headers already sent by (output started at C:\appserv\php5\cake\cake\basics.php:326) in [CORE\cake\libs\controller\controller.php, line 646]
2012-05-20 11:31:39 Warning: Warning (2): Cannot modify header information - headers already sent by (output started at C:\appserv\php5\cake\cake\libs\debugger.php:503) in [CORE\cake\libs\controller\controller.php, line 646]
2012-05-20 11:47:38 Warning: Warning (512): <span style = "color:Red;text-align:left"><b>SQL Error:</b> 1054: Unknown column 'Array' in 'field list'</span> in [CORE\cake\libs\model\datasources\dbo_source.php, line 526]
2012-05-20 11:49:28 Warning: Warning (512): <span style = "color:Red;text-align:left"><b>SQL Error:</b> 1054: Unknown column 'Array' in 'field list'</span> in [CORE\cake\libs\model\datasources\dbo_source.php, line 526]
2012-05-20 18:43:40 Warning: Warning (512): <span style = "color:Red;text-align:left"><b>SQL Error:</b> 1054: Unknown column 'created_by' in 'order clause'</span> in [CORE\cake\libs\model\datasources\dbo_source.php, line 526]
2012-05-20 18:43:40 Warning: Warning (512): <span style = "color:Red;text-align:left"><b>SQL Error:</b> 1054: Unknown column 'created_by' in 'order clause'</span> in [CORE\cake\libs\model\datasources\dbo_source.php, line 526]
2012-05-23 20:03:39 Warning: Warning (2): Cannot modify header information - headers already sent by (output started at C:\appserv\php5\cake\cake\basics.php:326) in [CORE\cake\libs\controller\controller.php, line 646]
2012-06-02 14:36:35 Warning: Warning (2): mysql_connect() [<a href='http://php.net/function.mysql-connect'>function.mysql-connect</a>]: Can't connect to local MySQL server through socket '/tmp/mysqld.sock' (2) in [CORE/cake/libs/model/datasources/dbo/dbo_mysql.php, line 453]
2012-06-02 14:36:35 Warning: Warning (2): mysql_select_db(): supplied argument is not a valid MySQL-Link resource in [CORE/cake/libs/model/datasources/dbo/dbo_mysql.php, line 459]
2012-06-02 14:36:35 Warning: Warning (2): mysql_get_server_info(): supplied argument is not a valid MySQL-Link resource in [CORE/cake/libs/model/datasources/dbo/dbo_mysql.php, line 467]
2012-06-02 14:36:35 Warning: Warning (2): mysql_query(): supplied argument is not a valid MySQL-Link resource in [CORE/cake/libs/model/datasources/dbo/dbo_mysql.php, line 499]
2012-06-02 14:36:36 Warning: Warning (2): mysql_connect() [<a href='http://php.net/function.mysql-connect'>function.mysql-connect</a>]: Can't connect to local MySQL server through socket '/tmp/mysqld.sock' (2) in [CORE/cake/libs/model/datasources/dbo/dbo_mysql.php, line 453]
2012-06-02 14:36:36 Warning: Warning (2): mysql_select_db(): supplied argument is not a valid MySQL-Link resource in [CORE/cake/libs/model/datasources/dbo/dbo_mysql.php, line 459]
2012-06-02 14:36:36 Warning: Warning (2): mysql_get_server_info(): supplied argument is not a valid MySQL-Link resource in [CORE/cake/libs/model/datasources/dbo/dbo_mysql.php, line 467]
2012-06-02 14:36:36 Warning: Warning (2): mysql_query(): supplied argument is not a valid MySQL-Link resource in [CORE/cake/libs/model/datasources/dbo/dbo_mysql.php, line 499]
2012-06-02 14:43:45 Warning: Warning (2): mysql_connect() [<a href='http://php.net/function.mysql-connect'>function.mysql-connect</a>]: Can't connect to local MySQL server through socket '/tmp/mysqld.sock' (2) in [CORE/cake/libs/model/datasources/dbo/dbo_mysql.php, line 453]
2012-06-02 14:43:45 Warning: Warning (2): mysql_select_db(): supplied argument is not a valid MySQL-Link resource in [CORE/cake/libs/model/datasources/dbo/dbo_mysql.php, line 459]
2012-06-02 14:43:45 Warning: Warning (2): mysql_get_server_info(): supplied argument is not a valid MySQL-Link resource in [CORE/cake/libs/model/datasources/dbo/dbo_mysql.php, line 467]
2012-06-02 14:43:45 Warning: Warning (2): mysql_query(): supplied argument is not a valid MySQL-Link resource in [CORE/cake/libs/model/datasources/dbo/dbo_mysql.php, line 499]
2012-06-02 14:43:45 Warning: Warning (2): mysql_connect() [<a href='http://php.net/function.mysql-connect'>function.mysql-connect</a>]: Can't connect to local MySQL server through socket '/tmp/mysqld.sock' (2) in [CORE/cake/libs/model/datasources/dbo/dbo_mysql.php, line 453]
2012-06-02 14:43:45 Warning: Warning (2): mysql_select_db(): supplied argument is not a valid MySQL-Link resource in [CORE/cake/libs/model/datasources/dbo/dbo_mysql.php, line 459]
2012-06-02 14:43:45 Warning: Warning (2): mysql_get_server_info(): supplied argument is not a valid MySQL-Link resource in [CORE/cake/libs/model/datasources/dbo/dbo_mysql.php, line 467]
2012-06-02 14:43:45 Warning: Warning (2): mysql_query(): supplied argument is not a valid MySQL-Link resource in [CORE/cake/libs/model/datasources/dbo/dbo_mysql.php, line 499]
2012-07-28 10:09:37 Warning: Warning (2): Cannot modify header information - headers already sent by (output started at /homepages/40/d389298220/htdocs/awback/cake/basics.php:128) in [CORE/cake/libs/controller/controller.php, line 646]
2012-07-28 10:10:10 Warning: Warning (2): Cannot modify header information - headers already sent by (output started at /homepages/40/d389298220/htdocs/awback/cake/basics.php:128) in [CORE/cake/libs/controller/controller.php, line 646]
2012-07-28 10:11:35 Warning: Warning (2): Cannot modify header information - headers already sent by (output started at /homepages/40/d389298220/htdocs/awback/cake/basics.php:128) in [CORE/cake/libs/controller/controller.php, line 646]
2012-07-28 10:15:04 Warning: Warning (2): Cannot modify header information - headers already sent by (output started at /homepages/40/d389298220/htdocs/awback/cake/basics.php:128) in [CORE/cake/libs/controller/controller.php, line 646]
2012-07-30 15:18:44 Warning: Warning (2): Cannot modify header information - headers already sent by (output started at /homepages/40/d389298220/htdocs/awback/cake/basics.php:128) in [CORE/cake/libs/controller/controller.php, line 646]
